<?xml version="1.0" encoding="UTF-8"?>
<!-- Generated by org.testng.reporters.JUnitXMLReporter -->
<testsuite ignored="0" hostname="Sachins-MacBook-Air.local" failures="1" tests="1" name="Default test" time="31.41" errors="0" timestamp="16 May 2022 15:02:33 GMT">
  <testcase classname="com.qa.base.NewDriver" name="securityatest" time="28.634">
    <failure type="org.openqa.selenium.ElementClickInterceptedException" message="element click intercepted: Element &amp;lt;a href=&amp;quot;#a-brief-on-machine-learning&amp;quot;&amp;gt;...&amp;lt;/a&amp;gt; is not clickable at point (304, 643). Other element would receive the click: &amp;lt;iframe id=&amp;quot;zap-hud-bottom-drawer&amp;quot; src=&amp;quot;https://zap//zapCallBackUrl/-2454311216147910793/file/drawer.html?url=https://blog.quantinsti.com/machine-learning-classification-strategy-python/&amp;amp;amp;frameId=drawer&amp;amp;amp;tabId=3344393-56&amp;quot; scrolling=&amp;quot;no&amp;quot; style=&amp;quot;position: fixed; border: medium none; overflow: hidden; left: 0px; bottom: 0px; width: 100%; height: 50px; z-index: 2147483646;&amp;quot;&amp;gt;&amp;lt;/iframe&amp;gt;
  (Session info: chrome=101.0.4951.64)
Build info: version: &amp;apos;3.141.5&amp;apos;, revision: &amp;apos;d54ebd709a&amp;apos;, time: &amp;apos;2018-11-06T11:42:16&amp;apos;
System info: host: &amp;apos;Sachins-MacBook-Air.local&amp;apos;, ip: &amp;apos;fe80:0:0:0:187b:acad:beaa:403a%en0&amp;apos;, os.name: &amp;apos;Mac OS X&amp;apos;, os.arch: &amp;apos;aarch64&amp;apos;, os.version: &amp;apos;12.2&amp;apos;, java.version: &amp;apos;17.0.2&amp;apos;
Driver info: org.openqa.selenium.chrome.ChromeDriver
Capabilities {acceptInsecureCerts: true, browserName: chrome, browserVersion: 101.0.4951.64, chrome: {chromedriverVersion: 101.0.4951.41 (93c720db8323..., userDataDir: /var/folders/7t/6qd09d4n4vs...}, goog:chromeOptions: {debuggerAddress: localhost:52988}, javascriptEnabled: true, networkConnectionEnabled: false, pageLoadStrategy: normal, platform: MAC, platformName: MAC, proxy: Proxy(manual, http=localhos..., setWindowRect: true, strictFileInteractability: false, timeouts: {implicit: 0, pageLoad: 300000, script: 30000}, unhandledPromptBehavior: dismiss and notify, webauthn:extension:credBlob: true, webauthn:extension:largeBlob: true, webauthn:virtualAuthenticators: true}
Session ID: 0c6a51371cd327d0b4e244fab456a3c0">
      <![CDATA[org.openqa.selenium.ElementClickInterceptedException: element click intercepted: Element <a href="#a-brief-on-machine-learning">...</a> is not clickable at point (304, 643). Other element would receive the click: <iframe id="zap-hud-bottom-drawer" src="https://zap//zapCallBackUrl/-2454311216147910793/file/drawer.html?url=https://blog.quantinsti.com/machine-learning-classification-strategy-python/&amp;frameId=drawer&amp;tabId=3344393-56" scrolling="no" style="position: fixed; border: medium none; overflow: hidden; left: 0px; bottom: 0px; width: 100%; height: 50px; z-index: 2147483646;"></iframe>  (Session info: chrome=101.0.4951.64)Build info: version: '3.141.5', revision: 'd54ebd709a', time: '2018-11-06T11:42:16'System info: host: 'Sachins-MacBook-Air.local', ip: 'fe80:0:0:0:187b:acad:beaa:403a%en0', os.name: 'Mac OS X', os.arch: 'aarch64', os.version: '12.2', java.version: '17.0.2'Driver info: org.openqa.selenium.chrome.ChromeDriverCapabilities {acceptInsecureCerts: true, browserName: chrome, browserVersion: 101.0.4951.64, chrome: {chromedriverVersion: 101.0.4951.41 (93c720db8323..., userDataDir: /var/folders/7t/6qd09d4n4vs...}, goog:chromeOptions: {debuggerAddress: localhost:52988}, javascriptEnabled: true, networkConnectionEnabled: false, pageLoadStrategy: normal, platform: MAC, platformName: MAC, proxy: Proxy(manual, http=localhos..., setWindowRect: true, strictFileInteractability: false, timeouts: {implicit: 0, pageLoad: 300000, script: 30000}, unhandledPromptBehavior: dismiss and notify, webauthn:extension:credBlob: true, webauthn:extension:largeBlob: true, webauthn:virtualAuthenticators: true}Session ID: 0c6a51371cd327d0b4e244fab456a3c0at java.base/jdk.internal.reflect.NativeConstructorAccessorImpl.newInstance0(Native Method)at java.base/jdk.internal.reflect.NativeConstructorAccessorImpl.newInstance(NativeConstructorAccessorImpl.java:77)at java.base/jdk.internal.reflect.DelegatingConstructorAccessorImpl.newInstance(DelegatingConstructorAccessorImpl.java:45)at java.base/java.lang.reflect.Constructor.newInstanceWithCaller(Constructor.java:499)at java.base/java.lang.reflect.Constructor.newInstance(Constructor.java:480)at org.openqa.selenium.remote.http.W3CHttpResponseCodec.createException(W3CHttpResponseCodec.java:187)at org.openqa.selenium.remote.http.W3CHttpResponseCodec.decode(W3CHttpResponseCodec.java:122)at org.openqa.selenium.remote.http.W3CHttpResponseCodec.decode(W3CHttpResponseCodec.java:49)at org.openqa.selenium.remote.HttpCommandExecutor.execute(HttpCommandExecutor.java:158)at org.openqa.selenium.remote.service.DriverCommandExecutor.execute(DriverCommandExecutor.java:83)at org.openqa.selenium.remote.RemoteWebDriver.execute(RemoteWebDriver.java:552)at org.openqa.selenium.remote.RemoteWebElement.execute(RemoteWebElement.java:285)at org.openqa.selenium.remote.RemoteWebElement.click(RemoteWebElement.java:84)at com.qa.base.NewDriver.securityatest(NewDriver.java:63)at java.base/jdk.internal.reflect.NativeMethodAccessorImpl.invoke0(Native Method)at java.base/jdk.internal.reflect.NativeMethodAccessorImpl.invoke(NativeMethodAccessorImpl.java:77)at java.base/jdk.internal.reflect.DelegatingMethodAccessorImpl.invoke(DelegatingMethodAccessorImpl.java:43)at java.base/java.lang.reflect.Method.invoke(Method.java:568)at org.testng.internal.MethodInvocationHelper.invokeMethod(MethodInvocationHelper.java:124)at org.testng.internal.Invoker.invokeMethod(Invoker.java:571)at org.testng.internal.Invoker.invokeTestMethod(Invoker.java:707)at org.testng.internal.Invoker.invokeTestMethods(Invoker.java:979)at org.testng.internal.TestMethodWorker.invokeTestMethods(TestMethodWorker.java:125)at org.testng.internal.TestMethodWorker.run(TestMethodWorker.java:109)at org.testng.TestRunner.privateRun(TestRunner.java:648)at org.testng.TestRunner.run(TestRunner.java:505)at org.testng.SuiteRunner.runTest(SuiteRunner.java:455)at org.testng.SuiteRunner.runSequentially(SuiteRunner.java:450)at org.testng.SuiteRunner.privateRun(SuiteRunner.java:415)at org.testng.SuiteRunner.run(SuiteRunner.java:364)at org.testng.SuiteRunnerWorker.runSuite(SuiteRunnerWorker.java:52)at org.testng.SuiteRunnerWorker.run(SuiteRunnerWorker.java:84)at org.testng.TestNG.runSuitesSequentially(TestNG.java:1187)at org.testng.TestNG.runSuitesLocally(TestNG.java:1116)at org.testng.TestNG.runSuites(TestNG.java:1028)at org.testng.TestNG.run(TestNG.java:996)at org.testng.remote.AbstractRemoteTestNG.run(AbstractRemoteTestNG.java:115)at org.testng.remote.RemoteTestNG.initAndRun(RemoteTestNG.java:251)at org.testng.remote.RemoteTestNG.main(RemoteTestNG.java:77)]]>
    </failure>
  </testcase> <!-- securityatest -->
</testsuite> <!-- Default test -->
