<?xml version="1.0" encoding="UTF-8"?>
<testng-results ignored="0" total="1" passed="0" failed="1" skipped="0">
  <reporter-output>
  </reporter-output>
  <suite started-at="2022-05-16T15:02:01Z" name="Default suite" finished-at="2022-05-16T15:02:33Z" duration-ms="31410">
    <groups>
    </groups>
    <test started-at="2022-05-16T15:02:01Z" name="Default test" finished-at="2022-05-16T15:02:33Z" duration-ms="31410">
      <class name="com.qa.base.NewDriver">
        <test-method is-config="true" signature="SecurityTest()[pri:0, instance:com.qa.base.NewDriver@229c6181]" started-at="2022-05-16T20:32:01Z" name="SecurityTest" finished-at="2022-05-16T20:32:04Z" duration-ms="2457" status="PASS">
          <reporter-output>
          </reporter-output>
        </test-method> <!-- SecurityTest -->
        <test-method signature="securityatest()[pri:0, instance:com.qa.base.NewDriver@229c6181]" started-at="2022-05-16T20:32:04Z" name="securityatest" finished-at="2022-05-16T20:32:33Z" duration-ms="28634" status="FAIL">
          <exception class="org.openqa.selenium.ElementClickInterceptedException">
            <message>
              <![CDATA[element click intercepted: Element <a href="#a-brief-on-machine-learning">...</a> is not clickable at point (304, 643). Other element would receive the click: <iframe id="zap-hud-bottom-drawer" src="https://zap//zapCallBackUrl/-2454311216147910793/file/drawer.html?url=https://blog.quantinsti.com/machine-learning-classification-strategy-python/&amp;frameId=drawer&amp;tabId=3344393-56" scrolling="no" style="position: fixed; border: medium none; overflow: hidden; left: 0px; bottom: 0px; width: 100%; height: 50px; z-index: 2147483646;"></iframe>  (Session info: chrome=101.0.4951.64)Build info: version: '3.141.5', revision: 'd54ebd709a', time: '2018-11-06T11:42:16'System info: host: 'Sachins-MacBook-Air.local', ip: 'fe80:0:0:0:187b:acad:beaa:403a%en0', os.name: 'Mac OS X', os.arch: 'aarch64', os.version: '12.2', java.version: '17.0.2'Driver info: org.openqa.selenium.chrome.ChromeDriverCapabilities {acceptInsecureCerts: true, browserName: chrome, browserVersion: 101.0.4951.64, chrome: {chromedriverVersion: 101.0.4951.41 (93c720db8323..., userDataDir: /var/folders/7t/6qd09d4n4vs...}, goog:chromeOptions: {debuggerAddress: localhost:52988}, javascriptEnabled: true, networkConnectionEnabled: false, pageLoadStrategy: normal, platform: MAC, platformName: MAC, proxy: Proxy(manual, http=localhos..., setWindowRect: true, strictFileInteractability: false, timeouts: {implicit: 0, pageLoad: 300000, script: 30000}, unhandledPromptBehavior: dismiss and notify, webauthn:extension:credBlob: true, webauthn:extension:largeBlob: true, webauthn:virtualAuthenticators: true}Session ID: 0c6a51371cd327d0b4e244fab456a3c0]]>
            </message>
            <full-stacktrace>
              <![CDATA[org.openqa.selenium.ElementClickInterceptedException: element click intercepted: Element <a href="#a-brief-on-machine-learning">...</a> is not clickable at point (304, 643). Other element would receive the click: <iframe id="zap-hud-bottom-drawer" src="https://zap//zapCallBackUrl/-2454311216147910793/file/drawer.html?url=https://blog.quantinsti.com/machine-learning-classification-strategy-python/&amp;frameId=drawer&amp;tabId=3344393-56" scrolling="no" style="position: fixed; border: medium none; overflow: hidden; left: 0px; bottom: 0px; width: 100%; height: 50px; z-index: 2147483646;"></iframe>  (Session info: chrome=101.0.4951.64)Build info: version: '3.141.5', revision: 'd54ebd709a', time: '2018-11-06T11:42:16'System info: host: 'Sachins-MacBook-Air.local', ip: 'fe80:0:0:0:187b:acad:beaa:403a%en0', os.name: 'Mac OS X', os.arch: 'aarch64', os.version: '12.2', java.version: '17.0.2'Driver info: org.openqa.selenium.chrome.ChromeDriverCapabilities {acceptInsecureCerts: true, browserName: chrome, browserVersion: 101.0.4951.64, chrome: {chromedriverVersion: 101.0.4951.41 (93c720db8323..., userDataDir: /var/folders/7t/6qd09d4n4vs...}, goog:chromeOptions: {debuggerAddress: localhost:52988}, javascriptEnabled: true, networkConnectionEnabled: false, pageLoadStrategy: normal, platform: MAC, platformName: MAC, proxy: Proxy(manual, http=localhos..., setWindowRect: true, strictFileInteractability: false, timeouts: {implicit: 0, pageLoad: 300000, script: 30000}, unhandledPromptBehavior: dismiss and notify, webauthn:extension:credBlob: true, webauthn:extension:largeBlob: true, webauthn:virtualAuthenticators: true}Session ID: 0c6a51371cd327d0b4e244fab456a3c0at java.base/jdk.internal.reflect.NativeConstructorAccessorImpl.newInstance0(Native Method)at java.base/jdk.internal.reflect.NativeConstructorAccessorImpl.newInstance(NativeConstructorAccessorImpl.java:77)at java.base/jdk.internal.reflect.DelegatingConstructorAccessorImpl.newInstance(DelegatingConstructorAccessorImpl.java:45)at java.base/java.lang.reflect.Constructor.newInstanceWithCaller(Constructor.java:499)at java.base/java.lang.reflect.Constructor.newInstance(Constructor.java:480)at org.openqa.selenium.remote.http.W3CHttpResponseCodec.createException(W3CHttpResponseCodec.java:187)at org.openqa.selenium.remote.http.W3CHttpResponseCodec.decode(W3CHttpResponseCodec.java:122)at org.openqa.selenium.remote.http.W3CHttpResponseCodec.decode(W3CHttpResponseCodec.java:49)at org.openqa.selenium.remote.HttpCommandExecutor.execute(HttpCommandExecutor.java:158)at org.openqa.selenium.remote.service.DriverCommandExecutor.execute(DriverCommandExecutor.java:83)at org.openqa.selenium.remote.RemoteWebDriver.execute(RemoteWebDriver.java:552)at org.openqa.selenium.remote.RemoteWebElement.execute(RemoteWebElement.java:285)at org.openqa.selenium.remote.RemoteWebElement.click(RemoteWebElement.java:84)at com.qa.base.NewDriver.securityatest(NewDriver.java:63)at java.base/jdk.internal.reflect.NativeMethodAccessorImpl.invoke0(Native Method)at java.base/jdk.internal.reflect.NativeMethodAccessorImpl.invoke(NativeMethodAccessorImpl.java:77)at java.base/jdk.internal.reflect.DelegatingMethodAccessorImpl.invoke(DelegatingMethodAccessorImpl.java:43)at java.base/java.lang.reflect.Method.invoke(Method.java:568)at org.testng.internal.MethodInvocationHelper.invokeMethod(MethodInvocationHelper.java:124)at org.testng.internal.Invoker.invokeMethod(Invoker.java:571)at org.testng.internal.Invoker.invokeTestMethod(Invoker.java:707)at org.testng.internal.Invoker.invokeTestMethods(Invoker.java:979)at org.testng.internal.TestMethodWorker.invokeTestMethods(TestMethodWorker.java:125)at org.testng.internal.TestMethodWorker.run(TestMethodWorker.java:109)at org.testng.TestRunner.privateRun(TestRunner.java:648)at org.testng.TestRunner.run(TestRunner.java:505)at org.testng.SuiteRunner.runTest(SuiteRunner.java:455)at org.testng.SuiteRunner.runSequentially(SuiteRunner.java:450)at org.testng.SuiteRunner.privateRun(SuiteRunner.java:415)at org.testng.SuiteRunner.run(SuiteRunner.java:364)at org.testng.SuiteRunnerWorker.runSuite(SuiteRunnerWorker.java:52)at org.testng.SuiteRunnerWorker.run(SuiteRunnerWorker.java:84)at org.testng.TestNG.runSuitesSequentially(TestNG.java:1187)at org.testng.TestNG.runSuitesLocally(TestNG.java:1116)at org.testng.TestNG.runSuites(TestNG.java:1028)at org.testng.TestNG.run(TestNG.java:996)at org.testng.remote.AbstractRemoteTestNG.run(AbstractRemoteTestNG.java:115)at org.testng.remote.RemoteTestNG.initAndRun(RemoteTestNG.java:251)at org.testng.remote.RemoteTestNG.main(RemoteTestNG.java:77)]]>
            </full-stacktrace>
          </exception> <!-- org.openqa.selenium.ElementClickInterceptedException -->
          <reporter-output>
          </reporter-output>
        </test-method> <!-- securityatest -->
        <test-method is-config="true" signature="tearDown()[pri:0, instance:com.qa.base.NewDriver@229c6181]" started-at="2022-05-16T20:32:33Z" name="tearDown" finished-at="2022-05-16T20:32:33Z" duration-ms="310" status="PASS">
          <reporter-output>
          </reporter-output>
        </test-method> <!-- tearDown -->
      </class> <!-- com.qa.base.NewDriver -->
    </test> <!-- Default test -->
  </suite> <!-- Default suite -->
</testng-results>
