<?xml version="1.0" encoding="UTF-8"?>
<!-- Generated by org.testng.reporters.JUnitXMLReporter -->
<testsuite ignored="0" hostname="Sachins-MacBook-Air.local" failures="1" tests="1" name="Params" time="0.023" errors="0" timestamp="01 Feb 2022 20:14:03 GMT">
  <testcase classname="com.parametersTest.DataTest" name="dataTest" time="0.0">
    <failure type="org.testng.TestNGException" message="
Parameter &amp;apos;serachtext&amp;apos; is required by @Test on method dataTest but has not been marked @Optional or defined
in /Users/sachin/eclipse-workspace/SeleniumTest/src/test/java/testNG.xml">
      <![CDATA[org.testng.TestNGException: Parameter 'serachtext' is required by @Test on method dataTest but has not been marked @Optional or definedin /Users/sachin/eclipse-workspace/SeleniumTest/src/test/java/testNG.xml... Removed 24 stack frames]]>
    </failure>
  </testcase> <!-- dataTest -->
</testsuite> <!-- Params -->
