<?xml version="1.0" encoding="UTF-8"?>
<!-- Generated by org.testng.reporters.JUnitReportReporter -->
<testsuite hostname="Sachins-MacBook-Air.local" failures="0" tests="3" name="com.testngpractice.Google" time="0.265" errors="0" timestamp="01 Feb 2022 19:21:45 GMT" skipped="0">
  <testcase classname="com.testngpractice.Google" name="googleTest" time="0.034"/>
  <testcase classname="com.testngpractice.Google" name="searchText" time="0.219"/>
  <testcase classname="com.testngpractice.Google" name="googleTest" time="0.012"/>
</testsuite> <!-- com.testngpractice.Google -->
